# JRE version: OpenJDK Runtime Environment (11.0.12+7) (build 11.0.12+7-b1504.28-7817840)
# Java VM: OpenJDK 64-Bit Server VM (11.0.12+7-b1504.28-7817840, mixed mode, tiered, compressed oops, g1 gc, windows-amd64)
Heap:
 garbage-first heap   total 227328K, used 175104K [0x00000000a0000000, 0x0000000100000000)
  region size 1024K, 57 young (58368K), 9 survivors (9216K)
 Metaspace       used 87851K, capacity 91673K, committed 91904K, reserved 1128448K
  class space    used 11561K, capacity 12800K, committed 12876K, reserved 1048576K
GC Heap History (20 events):
Event: 8.145 GC heap before
{Heap before GC invocations=13 (full 0):
 garbage-first heap   total 157696K, used 115263K [0x00000000a0000000, 0x0000000100000000)
  region size 1024K, 77 young (78848K), 10 survivors (10240K)
 Metaspace       used 58101K, capacity 59699K, committed 59980K, reserved 1101824K
  class space    used 7396K, capacity 7971K, committed 8012K, reserved 1048576K
}
Event: 8.158 GC heap after
{Heap after GC invocations=14 (full 0):
 garbage-first heap   total 157696K, used 51578K [0x00000000a0000000, 0x0000000100000000)
  region size 1024K, 5 young (5120K), 5 survivors (5120K)
 Metaspace       used 58101K, capacity 59699K, committed 59980K, reserved 1101824K
  class space    used 7396K, capacity 7971K, committed 8012K, reserved 1048576K
}
Event: 8.424 GC heap before
{Heap before GC invocations=14 (full 0):
 garbage-first heap   total 157696K, used 64890K [0x00000000a0000000, 0x0000000100000000)
  region size 1024K, 20 young (20480K), 5 survivors (5120K)
 Metaspace       used 58494K, capacity 60091K, committed 60288K, reserved 1101824K
  class space    used 7449K, capacity 8036K, committed 8140K, reserved 1048576K
}
Event: 8.432 GC heap after
{Heap after GC invocations=15 (full 0):
 garbage-first heap   total 189440K, used 53123K [0x00000000a0000000, 0x0000000100000000)
  region size 1024K, 6 young (6144K), 6 survivors (6144K)
 Metaspace       used 58494K, capacity 60091K, committed 60288K, reserved 1101824K
  class space    used 7449K, capacity 8036K, committed 8140K, reserved 1048576K
}
Event: 9.502 GC heap before
{Heap before GC invocations=16 (full 0):
 garbage-first heap   total 189440K, used 134019K [0x00000000a0000000, 0x0000000100000000)
  region size 1024K, 85 young (87040K), 6 survivors (6144K)
 Metaspace       used 66128K, capacity 67932K, committed 68096K, reserved 1107968K
  class space    used 8342K, capacity 8950K, committed 9036K, reserved 1048576K
}
Event: 9.514 GC heap after
{Heap after GC invocations=17 (full 0):
 garbage-first heap   total 189440K, used 56820K [0x00000000a0000000, 0x0000000100000000)
  region size 1024K, 10 young (10240K), 10 survivors (10240K)
 Metaspace       used 66128K, capacity 67932K, committed 68096K, reserved 1107968K
  class space    used 8342K, capacity 8950K, committed 9036K, reserved 1048576K
}
Event: 10.125 GC heap before
{Heap before GC invocations=18 (full 0):
 garbage-first heap   total 189440K, used 140788K [0x00000000a0000000, 0x0000000100000000)
  region size 1024K, 92 young (94208K), 10 survivors (10240K)
 Metaspace       used 67782K, capacity 69784K, committed 70016K, reserved 1110016K
  class space    used 8588K, capacity 9285K, committed 9420K, reserved 1048576K
}
Event: 10.150 GC heap after
{Heap after GC invocations=19 (full 0):
 garbage-first heap   total 189440K, used 63434K [0x00000000a0000000, 0x0000000100000000)
  region size 1024K, 12 young (12288K), 12 survivors (12288K)
 Metaspace       used 67782K, capacity 69784K, committed 70016K, reserved 1110016K
  class space    used 8588K, capacity 9285K, committed 9420K, reserved 1048576K
}
Event: 11.118 GC heap before
{Heap before GC invocations=19 (full 0):
 garbage-first heap   total 189440K, used 144330K [0x00000000a0000000, 0x0000000100000000)
  region size 1024K, 91 young (93184K), 12 survivors (12288K)
 Metaspace       used 73950K, capacity 76194K, committed 76416K, reserved 1116160K
  class space    used 9599K, capacity 10414K, committed 10444K, reserved 1048576K
}
Event: 11.138 GC heap after
{Heap after GC invocations=20 (full 0):
 garbage-first heap   total 189440K, used 70025K [0x00000000a0000000, 0x0000000100000000)
  region size 1024K, 6 young (6144K), 6 survivors (6144K)
 Metaspace       used 73950K, capacity 76194K, committed 76416K, reserved 1116160K
  class space    used 9599K, capacity 10414K, committed 10444K, reserved 1048576K
}
Event: 12.208 GC heap before
{Heap before GC invocations=20 (full 0):
 garbage-first heap   total 189440K, used 150921K [0x00000000a0000000, 0x0000000100000000)
  region size 1024K, 82 young (83968K), 6 survivors (6144K)
 Metaspace       used 76847K, capacity 79410K, committed 79744K, reserved 1118208K
  class space    used 9976K, capacity 10859K, committed 10956K, reserved 1048576K
}
Event: 12.233 GC heap after
{Heap after GC invocations=21 (full 0):
 garbage-first heap   total 189440K, used 85469K [0x00000000a0000000, 0x0000000100000000)
  region size 1024K, 11 young (11264K), 11 survivors (11264K)
 Metaspace       used 76847K, capacity 79410K, committed 79744K, reserved 1118208K
  class space    used 9976K, capacity 10859K, committed 10956K, reserved 1048576K
}
Event: 13.320 GC heap before
{Heap before GC invocations=21 (full 0):
 garbage-first heap   total 189440K, used 151005K [0x00000000a0000000, 0x0000000100000000)
  region size 1024K, 73 young (74752K), 11 survivors (11264K)
 Metaspace       used 78179K, capacity 81300K, committed 81536K, reserved 1120256K
  class space    used 10110K, capacity 11155K, committed 11212K, reserved 1048576K
}
Event: 13.341 GC heap after
{Heap after GC invocations=22 (full 0):
 garbage-first heap   total 189440K, used 98371K [0x00000000a0000000, 0x0000000100000000)
  region size 1024K, 10 young (10240K), 10 survivors (10240K)
 Metaspace       used 78179K, capacity 81300K, committed 81536K, reserved 1120256K
  class space    used 10110K, capacity 11155K, committed 11212K, reserved 1048576K
}
Event: 13.795 GC heap before
{Heap before GC invocations=22 (full 0):
 garbage-first heap   total 189440K, used 135235K [0x00000000a0000000, 0x0000000100000000)
  region size 1024K, 47 young (48128K), 10 survivors (10240K)
 Metaspace       used 78713K, capacity 82123K, committed 82176K, reserved 1120256K
  class space    used 10183K, capacity 11301K, committed 11340K, reserved 1048576K
}
Event: 13.819 GC heap after
{Heap after GC invocations=23 (full 0):
 garbage-first heap   total 227328K, used 105899K [0x00000000a0000000, 0x0000000100000000)
  region size 1024K, 8 young (8192K), 8 survivors (8192K)
 Metaspace       used 78713K, capacity 82123K, committed 82176K, reserved 1120256K
  class space    used 10183K, capacity 11301K, committed 11340K, reserved 1048576K
}
Event: 15.637 GC heap before
{Heap before GC invocations=24 (full 0):
 garbage-first heap   total 227328K, used 177579K [0x00000000a0000000, 0x0000000100000000)
  region size 1024K, 75 young (76800K), 8 survivors (8192K)
 Metaspace       used 84147K, capacity 87670K, committed 87936K, reserved 1124352K
  class space    used 11005K, capacity 12160K, committed 12236K, reserved 1048576K
}
Event: 15.665 GC heap after
{Heap after GC invocations=25 (full 0):
 garbage-first heap   total 227328K, used 116480K [0x00000000a0000000, 0x0000000100000000)
  region size 1024K, 8 young (8192K), 8 survivors (8192K)
 Metaspace       used 84147K, capacity 87670K, committed 87936K, reserved 1124352K
  class space    used 11005K, capacity 12160K, committed 12236K, reserved 1048576K
}
Event: 16.805 GC heap before
{Heap before GC invocations=25 (full 0):
 garbage-first heap   total 227328K, used 179968K [0x00000000a0000000, 0x0000000100000000)
  region size 1024K, 70 young (71680K), 8 survivors (8192K)
 Metaspace       used 86305K, capacity 89893K, committed 89984K, reserved 1126400K
  class space    used 11282K, capacity 12457K, committed 12492K, reserved 1048576K
}
Event: 16.838 GC heap after
{Heap after GC invocations=26 (full 0):
 garbage-first heap   total 227328K, used 128000K [0x00000000a0000000, 0x0000000100000000)
  region size 1024K, 9 young (9216K), 9 survivors (9216K)
 Metaspace       used 86305K, capacity 89893K, committed 89984K, reserved 1126400K
  class space    used 11282K, capacity 12457K, committed 12492K, reserved 1048576K
}

